<?xml version="1.0" encoding="UTF-8"?>
<!-- Generated by org.testng.reporters.JUnitReportReporter -->
<testsuite hostname="DESKTOP-3TG44GT" failures="0" tests="1" name="TestG.one" time="0.005" errors="0" timestamp="2023-03-09T16:21:18 IST" skipped="0">
  <testcase classname="TestG.one" name="f" time="0.005"/>
  <system-out/>
</testsuite> <!-- TestG.one -->
