<?xml version="1.0" encoding="UTF-8"?>
<!-- Generated by org.testng.reporters.JUnitReportReporter -->
<testsuite hostname="DESKTOP-3TG44GT" failures="0" tests="3" name="TestG.priority" time="0.027" errors="0" timestamp="2023-03-09T16:21:18 IST" skipped="0">
  <testcase classname="TestG.priority" name="TestJ" time="0.003"/>
  <system-out/>
  <testcase classname="TestG.priority" name="testG" time="0.003"/>
  <system-out/>
  <testcase classname="TestG.priority" name="TestL" time="0.021"/>
  <system-out/>
</testsuite> <!-- TestG.priority -->
