<?xml version="1.0" encoding="UTF-8"?>
<!-- Generated by org.testng.reporters.JUnitReportReporter -->
<testsuite hostname="DESKTOP-3TG44GT" failures="0" tests="2" name="TestG.minama" time="0.005" errors="0" timestamp="2023-03-09T16:21:18 IST" skipped="0">
  <testcase classname="TestG.minama" name="A" time="0.003"/>
  <system-out/>
  <testcase classname="TestG.minama" name="B" time="0.002"/>
  <system-out/>
</testsuite> <!-- TestG.minama -->
