<?xml version="1.0" encoding="UTF-8"?>
<!-- Generated by org.testng.reporters.JUnitReportReporter -->
<testsuite hostname="DESKTOP-3TG44GT" failures="0" tests="5" name="TestG.inco" time="0.039" errors="0" timestamp="2023-03-09T16:21:18 IST" skipped="0">
  <testcase classname="TestG.inco" name="Test_Usha" time="0.011"/>
  <system-out/>
  <testcase classname="TestG.inco" name="Test_Usha" time="0.009"/>
  <system-out/>
  <testcase classname="TestG.inco" name="Test_Usha" time="0.005"/>
  <system-out/>
  <testcase classname="TestG.inco" name="Test_Usha" time="0.005"/>
  <system-out/>
  <testcase classname="TestG.inco" name="Test_Usha" time="0.009"/>
  <system-out/>
</testsuite> <!-- TestG.inco -->
