<?xml version="1.0" encoding="UTF-8"?>
<!-- Generated by org.testng.reporters.JUnitReportReporter -->
<testsuite hostname="DESKTOP-3TG44GT" failures="0" tests="1" name="TestG.Sus" time="0.004" errors="0" timestamp="2023-03-09T16:21:18 IST" skipped="0">
  <testcase classname="TestG.Sus" name="f" time="0.004"/>
  <system-out/>
</testsuite> <!-- TestG.Sus -->
