<?xml version="1.0" encoding="UTF-8"?>
<!-- Generated by org.testng.reporters.JUnitReportReporter -->
<testsuite hostname="DESKTOP-3TG44GT" failures="0" tests="1" name="TestG.NewTest" time="0.009" errors="0" timestamp="2023-03-09T16:21:18 IST" skipped="0">
  <testcase classname="TestG.NewTest" name="shamboo" time="0.009"/>
  <system-out/>
</testsuite> <!-- TestG.NewTest -->
