<?xml version="1.0" encoding="UTF-8"?>
<!-- Generated by org.testng.reporters.JUnitReportReporter -->
<testsuite hostname="DESKTOP-3TG44GT" failures="0" tests="3" name="TestG.test" time="0.012" errors="0" timestamp="2023-03-09T16:21:18 IST" skipped="0">
  <testcase classname="TestG.test" name="TestA" time="0.005"/>
  <system-out/>
  <testcase classname="TestG.test" name="Testb" time="0.005"/>
  <system-out/>
  <testcase classname="TestG.test" name="Testp" time="0.002"/>
  <system-out/>
</testsuite> <!-- TestG.test -->
